{"C:\\Users\\fatou.diouf\\calculator-js\\calculator-js\\calculator-js\\src\\calc.js": {"path":"C:\\Users\\fatou.diouf\\calculator-js\\calculator-js\\calculator-js\\src\\calc.js","statementMap":{"0":{"start":{"line":1,"column":12},"end":{"line":1,"column":24}},"1":{"start":{"line":1,"column":21},"end":{"line":1,"column":24}}},"fnMap":{"0":{"name":"(anonymous_0)","decl":{"start":{"line":1,"column":12},"end":{"line":1,"column":13}},"loc":{"start":{"line":1,"column":21},"end":{"line":1,"column":24}},"line":1}},"branchMap":{},"s":{"0":1,"1":1},"f":{"0":1},"b":{},"_coverageSchema":"1a1c01bbd47fc00a2c39e90264f33305004495a9","hash":"1b86669103ee1edf076a57fcb7b998d100ef880e"}
,"C:\\Users\\fatou.diouf\\calculator-js\\src\\calc.js": {"path":"C:\\Users\\fatou.diouf\\calculator-js\\src\\calc.js","statementMap":{"0":{"start":{"line":1,"column":12},"end":{"line":1,"column":24}},"1":{"start":{"line":1,"column":21},"end":{"line":1,"column":24}}},"fnMap":{"0":{"name":"(anonymous_0)","decl":{"start":{"line":1,"column":12},"end":{"line":1,"column":13}},"loc":{"start":{"line":1,"column":21},"end":{"line":1,"column":24}},"line":1}},"branchMap":{},"s":{"0":1,"1":1},"f":{"0":1},"b":{},"_coverageSchema":"1a1c01bbd47fc00a2c39e90264f33305004495a9","hash":"9ac51a4e777648f7dde0689b246bde906b9994ea"}
}
